<?xml version="1.0" encoding="UTF-8"?>
<testsuite name="LogicSimulatorTest" tests="1" skipped="0" failures="0" errors="0" timestamp="2020-08-26T01:05:04" hostname="LAPTOP-R9NJOHRH" time="0.009">
  <properties/>
  <testcase name="testGetSimulationResult" classname="LogicSimulatorTest" time="0.009"/>
  <system-out><![CDATA[


order:
231
-2
2.1
-3
-1
2.1
3.1
]]></system-out>
  <system-err><![CDATA[]]></system-err>
</testsuite>
