<?xml version="1.0" encoding="UTF-8"?>
<testsuite name="DeviceTest" tests="4" skipped="0" failures="0" errors="0" timestamp="2020-08-24T09:18:09" hostname="LAPTOP-R9NJOHRH" time="0.004">
  <properties/>
  <testcase name="testDevicePolymorphism" classname="DeviceTest" time="0.003"/>
  <testcase name="testGateAND" classname="DeviceTest" time="0.0"/>
  <testcase name="testGateNOT" classname="DeviceTest" time="0.0"/>
  <testcase name="testIPinAndOPin" classname="DeviceTest" time="0.0"/>
  <system-out><![CDATA[]]></system-out>
  <system-err><![CDATA[]]></system-err>
</testsuite>
