<?xml version="1.0" encoding="UTF-8"?>
<testsuite name="LogicSimulatorTest" tests="1" skipped="0" failures="0" errors="0" timestamp="2020-08-25T09:58:08" hostname="DESKTOP-33GJNTJ" time="0.003">
  <properties/>
  <testcase name="testGetSimulationResult" classname="LogicSimulatorTest" time="0.003"/>
  <system-out><![CDATA[1 -1 -.1 3.1 0 
3 -2 0
2 -.1 -3 0 
1
1 -1 -.1 -.1 0 
3 -2 0
2 -.1 -3 0 
112
1 -1 -.1 -.1 0 
3 -2 0
2 -.1 -3 0 
112012
]]></system-out>
  <system-err><![CDATA[]]></system-err>
</testsuite>
